c:\users\조한웅\desktop\git\digimonmasterstext\digimonmasters\x64\debug\digimonmasters.pch
c:\users\조한웅\desktop\git\digimonmasterstext\digimonmasters\x64\debug\vc143.pdb
c:\users\조한웅\desktop\git\digimonmasterstext\digimonmasters\x64\debug\vc143.idb
c:\users\조한웅\desktop\git\digimonmasterstext\digimonmasters\x64\debug\pch.obj
c:\users\조한웅\desktop\git\digimonmasterstext\digimonmasters\x64\debug\mapwest.obj
c:\users\조한웅\desktop\git\digimonmasterstext\digimonmasters\x64\debug\mapstart.obj
c:\users\조한웅\desktop\git\digimonmasterstext\digimonmasters\x64\debug\mapsnow.obj
c:\users\조한웅\desktop\git\digimonmasterstext\digimonmasters\x64\debug\mapmanager.obj
c:\users\조한웅\desktop\git\digimonmasterstext\digimonmasters\x64\debug\mapdart.obj
c:\users\조한웅\desktop\git\digimonmasterstext\digimonmasters\x64\debug\map.obj
c:\users\조한웅\desktop\git\digimonmasterstext\digimonmasters\x64\debug\itemgeneric.obj
c:\users\조한웅\desktop\git\digimonmasterstext\digimonmasters\x64\debug\itemequip.obj
c:\users\조한웅\desktop\git\digimonmasterstext\digimonmasters\x64\debug\itemegg.obj
c:\users\조한웅\desktop\git\digimonmasterstext\digimonmasters\x64\debug\item.obj
c:\users\조한웅\desktop\git\digimonmasterstext\digimonmasters\x64\debug\inventory.obj
c:\users\조한웅\desktop\git\digimonmasterstext\digimonmasters\x64\debug\incubator.obj
c:\users\조한웅\desktop\git\digimonmasterstext\digimonmasters\x64\debug\filestream.obj
c:\users\조한웅\desktop\git\digimonmasterstext\digimonmasters\x64\debug\digimonmasters.obj
c:\users\조한웅\desktop\git\digimonmasterstext\digimonmasters\x64\debug\cplayer.obj
c:\users\조한웅\desktop\git\digimonmasterstext\digimonmasters\x64\debug\cobj.obj
c:\users\조한웅\desktop\git\digimonmasterstext\digimonmasters\x64\debug\cgame.obj
c:\users\조한웅\desktop\git\digimonmasterstext\digimonmasters\x64\debug\cenemydigimon.obj
c:\users\조한웅\desktop\git\digimonmasterstext\digimonmasters\x64\debug\cdigimon.obj
c:\users\조한웅\desktop\git\digimonmasterstext\digimonmasters\x64\debug\ccharacter.obj
c:\users\조한웅\desktop\git\digimonmasterstext\digimonmasters\x64\debug\storemanager.obj
c:\users\조한웅\desktop\git\digimonmasterstext\digimonmasters\x64\debug\storegeneric.obj
c:\users\조한웅\desktop\git\digimonmasterstext\digimonmasters\x64\debug\storeequip.obj
c:\users\조한웅\desktop\git\digimonmasterstext\digimonmasters\x64\debug\storeegg.obj
c:\users\조한웅\desktop\git\digimonmasterstext\digimonmasters\x64\debug\store.obj
c:\users\조한웅\desktop\git\digimonmasterstext\digimonmasters\x64\debug\skillmanager.obj
c:\users\조한웅\desktop\git\digimonmasterstext\digimonmasters\x64\debug\skill.obj
c:\users\조한웅\desktop\git\digimonmasterstext\digimonmasters\x64\debug\objectmanager.obj
c:\users\조한웅\desktop\git\digimonmasterstext\x64\debug\digimonmasters.exe
c:\users\조한웅\desktop\git\digimonmasterstext\x64\debug\digimonmasters.pdb
c:\users\조한웅\desktop\git\digimonmasterstext\digimonmasters\x64\debug\digimonmasters.ilk
c:\users\조한웅\desktop\git\digimonmasterstext\digimonmasters\x64\debug\digimonmasters.tlog\cl.command.1.tlog
c:\users\조한웅\desktop\git\digimonmasterstext\digimonmasters\x64\debug\digimonmasters.tlog\cl.items.tlog
c:\users\조한웅\desktop\git\digimonmasterstext\digimonmasters\x64\debug\digimonmasters.tlog\cl.read.1.tlog
c:\users\조한웅\desktop\git\digimonmasterstext\digimonmasters\x64\debug\digimonmasters.tlog\cl.write.1.tlog
c:\users\조한웅\desktop\git\digimonmasterstext\digimonmasters\x64\debug\digimonmasters.tlog\link.command.1.tlog
c:\users\조한웅\desktop\git\digimonmasterstext\digimonmasters\x64\debug\digimonmasters.tlog\link.read.1.tlog
c:\users\조한웅\desktop\git\digimonmasterstext\digimonmasters\x64\debug\digimonmasters.tlog\link.secondary.1.tlog
c:\users\조한웅\desktop\git\digimonmasterstext\digimonmasters\x64\debug\digimonmasters.tlog\link.write.1.tlog
